==170392== Memcheck, a memory error detector
==170392== Copyright (C) 2002-2017, and GNU GPL'd, by Julian Seward et al.
==170392== Using Valgrind-3.18.1-42b08ed5bd-20211015 and LibVEX; rerun with -h for copyright info
==170392== Command: ./bin/tp2.out
==170392== Parent PID: 170391
==170392== 
--170392-- 
--170392-- Valgrind options:
--170392--    --leak-check=full
--170392--    --log-file=valgrind.log
--170392--    --show-leak-kinds=all
--170392--    --verbose
--170392--    --track-origins=yes
--170392-- Contents of /proc/version:
--170392--   Linux version 5.15.153.1-microsoft-standard-WSL2 (root@941d701f84f1) (gcc (GCC) 11.2.0, GNU ld (GNU Binutils) 2.37) #1 SMP Fri Mar 29 23:14:13 UTC 2024
--170392-- 
--170392-- Arch and hwcaps: AMD64, LittleEndian, amd64-cx16-rdtscp-sse3-ssse3-avx-f16c-rdrand
--170392-- Page sizes: currently 4096, max supported 4096
--170392-- Valgrind library directory: /usr/libexec/valgrind
--170392-- Reading syms from /home/trevorbelmont/tp2-Alg/bin/tp2.out
--170392-- Reading syms from /usr/lib/x86_64-linux-gnu/ld-linux-x86-64.so.2
--170392--   Considering /usr/lib/debug/.build-id/41/86944c50f8a32b47d74931e3f512b811813b64.debug ..
--170392--   .. build-id is valid
--170392-- Reading syms from /usr/libexec/valgrind/memcheck-amd64-linux
--170392--    object doesn't have a symbol table
--170392--    object doesn't have a dynamic symbol table
--170392-- Scheduler: using generic scheduler lock implementation.
--170392-- Reading suppressions file: /usr/libexec/valgrind/default.supp
==170392== embedded gdbserver: reading from /tmp/vgdb-pipe-from-vgdb-to-170392-by-trevorbelmont-on-???
==170392== embedded gdbserver: writing to   /tmp/vgdb-pipe-to-vgdb-from-170392-by-trevorbelmont-on-???
==170392== embedded gdbserver: shared mem   /tmp/vgdb-pipe-shared-mem-vgdb-170392-by-trevorbelmont-on-???
==170392== 
==170392== TO CONTROL THIS PROCESS USING vgdb (which you probably
==170392== don't want to do, unless you know exactly what you're doing,
==170392== or are doing some strange experiment):
==170392==   /usr/bin/vgdb --pid=170392 ...command...
==170392== 
==170392== TO DEBUG THIS PROCESS USING GDB: start GDB like this
==170392==   /path/to/gdb ./bin/tp2.out
==170392== and then give GDB the following command
==170392==   target remote | /usr/bin/vgdb --pid=170392
==170392== --pid is optional if only one valgrind process is running
==170392== 
--170392-- REDIR: 0x402aa40 (ld-linux-x86-64.so.2:strlen) redirected to 0x580bcec2 (???)
--170392-- REDIR: 0x402a810 (ld-linux-x86-64.so.2:index) redirected to 0x580bcedc (???)
--170392-- Reading syms from /usr/libexec/valgrind/vgpreload_core-amd64-linux.so
--170392--    object doesn't have a symbol table
--170392-- Reading syms from /usr/libexec/valgrind/vgpreload_memcheck-amd64-linux.so
--170392--    object doesn't have a symbol table
==170392== WARNING: new redirection conflicts with existing -- ignoring it
--170392--     old: 0x0402aa40 (strlen              ) R-> (0000.0) 0x580bcec2 ???
--170392--     new: 0x0402aa40 (strlen              ) R-> (2007.0) 0x0484ee30 strlen
--170392-- REDIR: 0x4027220 (ld-linux-x86-64.so.2:strcmp) redirected to 0x484fcd0 (strcmp)
--170392-- REDIR: 0x402afa0 (ld-linux-x86-64.so.2:mempcpy) redirected to 0x4853840 (mempcpy)
--170392-- Reading syms from /usr/lib/x86_64-linux-gnu/libstdc++.so.6.0.30
--170392--    object doesn't have a symbol table
--170392-- Reading syms from /usr/lib/x86_64-linux-gnu/libm.so.6
--170392--   Considering /usr/lib/debug/.build-id/a5/08ec5d8bf12fb7fd08204e0f87518e5cd0b102.debug ..
--170392--   .. build-id is valid
--170392-- Reading syms from /usr/lib/x86_64-linux-gnu/libgcc_s.so.1
--170392--    object doesn't have a symbol table
--170392-- Reading syms from /usr/lib/x86_64-linux-gnu/libc.so.6
--170392--   Considering /usr/lib/debug/.build-id/49/0fef8403240c91833978d494d39e537409b92e.debug ..
--170392--   .. build-id is valid
==170392== WARNING: new redirection conflicts with existing -- ignoring it
--170392--     old: 0x04c3bc60 (memalign            ) R-> (1011.0) 0x0484e080 memalign
--170392--     new: 0x04c3bc60 (memalign            ) R-> (1017.0) 0x0484e050 aligned_alloc
==170392== WARNING: new redirection conflicts with existing -- ignoring it
--170392--     old: 0x04c3bc60 (memalign            ) R-> (1011.0) 0x0484e080 memalign
--170392--     new: 0x04c3bc60 (memalign            ) R-> (1017.0) 0x0484e020 aligned_alloc
==170392== WARNING: new redirection conflicts with existing -- ignoring it
--170392--     old: 0x04c3bc60 (memalign            ) R-> (1011.0) 0x0484e080 memalign
--170392--     new: 0x04c3bc60 (memalign            ) R-> (1017.0) 0x0484e050 aligned_alloc
==170392== WARNING: new redirection conflicts with existing -- ignoring it
--170392--     old: 0x04c3bc60 (memalign            ) R-> (1011.0) 0x0484e080 memalign
--170392--     new: 0x04c3bc60 (memalign            ) R-> (1017.0) 0x0484e020 aligned_alloc
--170392-- REDIR: 0x4c3e720 (libc.so.6:strnlen) redirected to 0x483f220 (_vgnU_ifunc_wrapper)
--170392-- REDIR: 0x4c3e9e0 (libc.so.6:strpbrk) redirected to 0x483f220 (_vgnU_ifunc_wrapper)
--170392-- REDIR: 0x4c3e2e0 (libc.so.6:strcmp) redirected to 0x483f220 (_vgnU_ifunc_wrapper)
--170392-- REDIR: 0x4c5ccd0 (libc.so.6:wcsnlen) redirected to 0x483f220 (_vgnU_ifunc_wrapper)
--170392-- REDIR: 0x4c3f6d0 (libc.so.6:memset) redirected to 0x483f220 (_vgnU_ifunc_wrapper)
--170392-- REDIR: 0x4c5b540 (libc.so.6:wcslen) redirected to 0x483f220 (_vgnU_ifunc_wrapper)
--170392-- REDIR: 0x4c3fc10 (libc.so.6:memcpy@@GLIBC_2.14) redirected to 0x483f220 (_vgnU_ifunc_wrapper)
--170392-- REDIR: 0x4c5b370 (libc.so.6:wcschr) redirected to 0x483f220 (_vgnU_ifunc_wrapper)
--170392-- REDIR: 0x4c3e260 (libc.so.6:index) redirected to 0x483f220 (_vgnU_ifunc_wrapper)
--170392-- REDIR: 0x4c3e960 (libc.so.6:rindex) redirected to 0x483f220 (_vgnU_ifunc_wrapper)
--170392-- REDIR: 0x4c3f5a0 (libc.so.6:memmove) redirected to 0x483f220 (_vgnU_ifunc_wrapper)
--170392-- REDIR: 0x4c5b3f0 (libc.so.6:wcscmp) redirected to 0x483f220 (_vgnU_ifunc_wrapper)
--170392-- REDIR: 0x4c3f9e0 (libc.so.6:stpncpy) redirected to 0x483f220 (_vgnU_ifunc_wrapper)
--170392-- REDIR: 0x4c5b9b0 (libc.so.6:wmemchr) redirected to 0x483f220 (_vgnU_ifunc_wrapper)
--170392-- REDIR: 0x4c3e830 (libc.so.6:strncmp) redirected to 0x483f220 (_vgnU_ifunc_wrapper)
--170392-- REDIR: 0x4c3fa70 (libc.so.6:strcasecmp) redirected to 0x483f220 (_vgnU_ifunc_wrapper)
--170392-- REDIR: 0x4c3e420 (libc.so.6:strcspn) redirected to 0x483f220 (_vgnU_ifunc_wrapper)
--170392-- REDIR: 0x4c5b470 (libc.so.6:wcscpy) redirected to 0x483f220 (_vgnU_ifunc_wrapper)
--170392-- REDIR: 0x4c3e1d0 (libc.so.6:strcat) redirected to 0x483f220 (_vgnU_ifunc_wrapper)
--170392-- REDIR: 0x4c3fb60 (libc.so.6:strncasecmp_l) redirected to 0x483f220 (_vgnU_ifunc_wrapper)
--170392-- REDIR: 0x4c3f480 (libc.so.6:bcmp) redirected to 0x483f220 (_vgnU_ifunc_wrapper)
--170392-- REDIR: 0x4c47570 (libc.so.6:memrchr) redirected to 0x483f220 (_vgnU_ifunc_wrapper)
--170392-- REDIR: 0x4c41010 (libc.so.6:strchrnul) redirected to 0x483f220 (_vgnU_ifunc_wrapper)
--170392-- REDIR: 0x4c3e390 (libc.so.6:strcpy) redirected to 0x483f220 (_vgnU_ifunc_wrapper)
--170392-- REDIR: 0x4c3fb10 (libc.so.6:strcasecmp_l) redirected to 0x483f220 (_vgnU_ifunc_wrapper)
--170392-- REDIR: 0x4c3e6a0 (libc.so.6:strlen) redirected to 0x483f220 (_vgnU_ifunc_wrapper)
--170392-- REDIR: 0x4c3e8d0 (libc.so.6:strncpy) redirected to 0x483f220 (_vgnU_ifunc_wrapper)
--170392-- REDIR: 0x4c3f950 (libc.so.6:stpcpy) redirected to 0x483f220 (_vgnU_ifunc_wrapper)
--170392-- REDIR: 0x4c3f3f0 (libc.so.6:memchr) redirected to 0x483f220 (_vgnU_ifunc_wrapper)
--170392-- REDIR: 0x4c3eb00 (libc.so.6:strspn) redirected to 0x483f220 (_vgnU_ifunc_wrapper)
--170392-- REDIR: 0x4c3f7d0 (libc.so.6:mempcpy) redirected to 0x483f220 (_vgnU_ifunc_wrapper)
--170392-- REDIR: 0x4c3fac0 (libc.so.6:strncasecmp) redirected to 0x483f220 (_vgnU_ifunc_wrapper)
--170392-- REDIR: 0x4c40f80 (libc.so.6:rawmemchr) redirected to 0x483f220 (_vgnU_ifunc_wrapper)
--170392-- REDIR: 0x4c50650 (libc.so.6:__strrchr_sse2) redirected to 0x484e870 (__strrchr_sse2)
--170392-- REDIR: 0x4c3b0a0 (libc.so.6:malloc) redirected to 0x4848820 (malloc)
--170392-- REDIR: 0x4c50950 (libc.so.6:__strlen_sse2) redirected to 0x484ed70 (__strlen_sse2)
--170392-- REDIR: 0x4d38b30 (libc.so.6:__memcmp_sse4_1) redirected to 0x4851f80 (__memcmp_sse4_1)
--170392-- REDIR: 0x49119d0 (libstdc++.so.6:operator new[](unsigned long)) redirected to 0x484a280 (operator new[](unsigned long))
--170392-- REDIR: 0x4911970 (libstdc++.so.6:operator new(unsigned long)) redirected to 0x4848fa0 (operator new(unsigned long))
--170392-- REDIR: 0x490fc10 (libstdc++.so.6:operator delete(void*)) redirected to 0x484b840 (operator delete(void*))
--170392-- REDIR: 0x490fc40 (libstdc++.so.6:operator delete[](void*)) redirected to 0x484ca20 (operator delete[](void*))
--170392-- REDIR: 0x4c5a850 (libc.so.6:__mempcpy_sse2_unaligned) redirected to 0x4853440 (mempcpy)
--170392-- REDIR: 0x490fc50 (libstdc++.so.6:operator delete[](void*, unsigned long)) redirected to 0x484cce0 (operator delete[](void*, unsigned long))
--170392-- REDIR: 0x4c3b3e0 (libc.so.6:free) redirected to 0x484b210 (free)
==170392== 
==170392== HEAP SUMMARY:
==170392==     in use at exit: 0 bytes in 0 blocks
==170392==   total heap usage: 26 allocs, 26 frees, 79,682 bytes allocated
==170392== 
==170392== All heap blocks were freed -- no leaks are possible
==170392== 
==170392== ERROR SUMMARY: 0 errors from 0 contexts (suppressed: 0 from 0)
